<?xml version="1.0" encoding="UTF-8"?>
<!-- Generated by org.testng.reporters.JUnitXMLReporter -->
<testsuite ignored="0" hostname="LAPTOP-KJ92U2DL" failures="1" tests="1" name="Test(failed)" time="68.883" errors="0" timestamp="2024-11-13T22:03:46 IST">
  <testcase classname="testCase.TC007_PaymentTest" name="Verify_Payment" time="62.353">
    <failure type="java.lang.AssertionError" message="Test failed due to: element click intercepted: Element &amp;lt;input name=&amp;quot;ppw-widgetEvent:SetPaymentPlanSelectContinueEvent&amp;quot; data-pmts-component-id=&amp;quot;pp-6Ie1hA-6&amp;quot; class=&amp;quot;a-button-input a-button-text&amp;quot; type=&amp;quot;submit&amp;quot; aria-labelledby=&amp;quot;pp-6Ie1hA-147-announce&amp;quot;&amp;gt; is not clickable at point (343, 664). Other element would receive the click: &amp;lt;span&amp;gt;...&amp;lt;/span&amp;gt;
  (Session info: chrome=130.0.6723.117)
Build info: version: &amp;apos;4.25.0&amp;apos;, revision: &amp;apos;8a8aea2337&amp;apos;
System info: os.name: &amp;apos;Windows 11&amp;apos;, os.arch: &amp;apos;amd64&amp;apos;, os.version: &amp;apos;10.0&amp;apos;, java.version: &amp;apos;17.0.9&amp;apos;
Driver info: org.openqa.selenium.chrome.ChromeDriver
Command: [65e32cca9945c95b833b8e90d86a4290, clickElement {id=f.414BE3CF6FEF60480369624811BD808B.d.97277A061FF020AA0759348D4A93820C.e.336}]
Capabilities {acceptInsecureCerts: false, browserName: chrome, browserVersion: 130.0.6723.117, chrome: {chromedriverVersion: 130.0.6723.116 (6ac35f94ae3..., userDataDir: C:\Users\surai\AppData\Loca...}, fedcm:accounts: true, goog:chromeOptions: {debuggerAddress: localhost:55917}, networkConnectionEnabled: false, pageLoadStrategy: normal, platformName: windows, proxy: Proxy(), se:cdp: ws://localhost:55917/devtoo..., se:cdpVersion: 130.0.6723.117, setWindowRect: true, strictFileInteractability: false, timeouts: {implicit: 0, pageLoad: 300000, script: 30000}, unhandledPromptBehavior: dismiss and notify, webauthn:extension:credBlob: true, webauthn:extension:largeBlob: true, webauthn:extension:minPinLength: true, webauthn:extension:prf: true, webauthn:virtualAuthenticators: true}
Element: [[ChromeDriver: chrome on windows (65e32cca9945c95b833b8e90d86a4290)] -&amp;gt; xpath: //span[@class=&amp;apos;a-button-inner&amp;apos;]//input[@name=&amp;apos;ppw-widgetEvent:SetPaymentPlanSelectContinueEvent&amp;apos;]]
Session ID: 65e32cca9945c95b833b8e90d86a4290">
      <![CDATA[java.lang.AssertionError: Test failed due to: element click intercepted: Element <input name="ppw-widgetEvent:SetPaymentPlanSelectContinueEvent" data-pmts-component-id="pp-6Ie1hA-6" class="a-button-input a-button-text" type="submit" aria-labelledby="pp-6Ie1hA-147-announce"> is not clickable at point (343, 664). Other element would receive the click: <span>...</span>
  (Session info: chrome=130.0.6723.117)
Build info: version: '4.25.0', revision: '8a8aea2337'
System info: os.name: 'Windows 11', os.arch: 'amd64', os.version: '10.0', java.version: '17.0.9'
Driver info: org.openqa.selenium.chrome.ChromeDriver
Command: [65e32cca9945c95b833b8e90d86a4290, clickElement {id=f.414BE3CF6FEF60480369624811BD808B.d.97277A061FF020AA0759348D4A93820C.e.336}]
Capabilities {acceptInsecureCerts: false, browserName: chrome, browserVersion: 130.0.6723.117, chrome: {chromedriverVersion: 130.0.6723.116 (6ac35f94ae3..., userDataDir: C:\Users\surai\AppData\Loca...}, fedcm:accounts: true, goog:chromeOptions: {debuggerAddress: localhost:55917}, networkConnectionEnabled: false, pageLoadStrategy: normal, platformName: windows, proxy: Proxy(), se:cdp: ws://localhost:55917/devtoo..., se:cdpVersion: 130.0.6723.117, setWindowRect: true, strictFileInteractability: false, timeouts: {implicit: 0, pageLoad: 300000, script: 30000}, unhandledPromptBehavior: dismiss and notify, webauthn:extension:credBlob: true, webauthn:extension:largeBlob: true, webauthn:extension:minPinLength: true, webauthn:extension:prf: true, webauthn:virtualAuthenticators: true}
Element: [[ChromeDriver: chrome on windows (65e32cca9945c95b833b8e90d86a4290)] -> xpath: //span[@class='a-button-inner']//input[@name='ppw-widgetEvent:SetPaymentPlanSelectContinueEvent']]
Session ID: 65e32cca9945c95b833b8e90d86a4290
at testCase.TC007_PaymentTest.Verify_Payment(TC007_PaymentTest.java:74)
at java.base/java.util.ArrayList.forEach(ArrayList.java:1511)
... Removed 28 stack frames]]>
    </failure>
  </testcase> <!-- Verify_Payment -->
</testsuite> <!-- Test(failed) -->
